
*** Running vivado
    with args -log Top.vdi -applog -m64 -product Vivado -messageDb vivado.pb -mode batch -source Top.tcl -notrace


****** Vivado v2019.1.3 (64-bit)
  **** SW Build 2644227 on Wed Sep  4 09:45:24 MDT 2019
  **** IP Build 2633630 on Wed Sep  4 12:30:14 MDT 2019
    ** Copyright 1986-2019 Xilinx, Inc. All Rights Reserved.

source Top.tcl -notrace
Command: open_checkpoint C:/Users/owend/Downloads/CPU_Complete/CPU_Complete/CPU_Complete.runs/impl_1/Top.dcp

Starting open_checkpoint Task

Time (s): cpu = 00:00:00 ; elapsed = 00:00:00.044 . Memory (MB): peak = 294.750 ; gain = 0.000
INFO: [Device 21-403] Loading part xc7a100tcsg324-1
INFO: [Netlist 29-17] Analyzing 390 Unisim elements for replacement
INFO: [Netlist 29-28] Unisim Transformation completed in 0 CPU seconds
INFO: [Project 1-479] Netlist was created with Vivado 2019.1.3
INFO: [Project 1-570] Preparing netlist for logic optimization
INFO: [Timing 38-478] Restoring timing data from binary archive.
INFO: [Timing 38-479] Binary timing data restore complete.
INFO: [Project 1-856] Restoring constraints from binary archive.
INFO: [Project 1-853] Binary constraint restore complete.
Reading XDEF placement.
Reading placer database...
Reading XDEF routing.
Read XDEF File: Time (s): cpu = 00:00:00 ; elapsed = 00:00:00.105 . Memory (MB): peak = 1241.133 ; gain = 3.211
Restored from archive | CPU: 0.000000 secs | Memory: 0.000000 MB |
Finished XDEF File Restore: Time (s): cpu = 00:00:00 ; elapsed = 00:00:00.105 . Memory (MB): peak = 1241.133 ; gain = 3.211
Netlist sorting complete. Time (s): cpu = 00:00:00 ; elapsed = 00:00:00.001 . Memory (MB): peak = 1241.133 ; gain = 0.000
INFO: [Project 1-111] Unisim Transformation Summary:
  A total of 97 instances were transformed.
  LDCP => LDCP (GND, LUT3, LUT3, LDCE, VCC): 1 instances
  RAM16X1S => RAM32X1S (RAMS32): 32 instances
  RAM32X1S => RAM32X1S (RAMS32): 32 instances
  RAM64X1S => RAM64X1S (RAMS64E): 32 instances

INFO: [Project 1-604] Checkpoint was created with Vivado v2019.1.3 (64-bit) build 2644227
open_checkpoint: Time (s): cpu = 00:00:26 ; elapsed = 00:00:29 . Memory (MB): peak = 1241.133 ; gain = 946.383
Command: opt_design
Attempting to get a license for feature 'Implementation' and/or device 'xc7a100t'
INFO: [Common 17-349] Got license for feature 'Implementation' and/or device 'xc7a100t'
Running DRC as a precondition to command opt_design

Starting DRC Task
INFO: [DRC 23-27] Running DRC with 2 threads
INFO: [Project 1-461] DRC finished with 0 Errors
INFO: [Project 1-462] Please refer to the DRC report (report_drc) for more information.

Time (s): cpu = 00:00:01 ; elapsed = 00:00:00.676 . Memory (MB): peak = 1262.094 ; gain = 19.965

Starting Cache Timing Information Task
INFO: [Timing 38-35] Done setting XDC timing constraints.
Ending Cache Timing Information Task | Checksum: 87c7733d

Time (s): cpu = 00:00:00 ; elapsed = 00:00:00.123 . Memory (MB): peak = 1350.098 ; gain = 88.004

Starting Logic Optimization Task

Phase 1 Retarget
INFO: [Opt 31-138] Pushed 0 inverter(s) to 0 load pin(s).
INFO: [Opt 31-49] Retargeted 0 cell(s).
Phase 1 Retarget | Checksum: 87c7733d

Time (s): cpu = 00:00:00 ; elapsed = 00:00:00.153 . Memory (MB): peak = 1481.641 ; gain = 0.000
INFO: [Opt 31-389] Phase Retarget created 0 cells and removed 0 cells

Phase 2 Constant propagation
INFO: [Opt 31-138] Pushed 0 inverter(s) to 0 load pin(s).
Phase 2 Constant propagation | Checksum: 87c7733d

Time (s): cpu = 00:00:00 ; elapsed = 00:00:00.176 . Memory (MB): peak = 1481.641 ; gain = 0.000
INFO: [Opt 31-389] Phase Constant propagation created 0 cells and removed 0 cells

Phase 3 Sweep
Phase 3 Sweep | Checksum: 87c7733d

Time (s): cpu = 00:00:00 ; elapsed = 00:00:00.210 . Memory (MB): peak = 1481.641 ; gain = 0.000
INFO: [Opt 31-389] Phase Sweep created 0 cells and removed 0 cells

Phase 4 BUFG optimization
Phase 4 BUFG optimization | Checksum: 87c7733d

Time (s): cpu = 00:00:00 ; elapsed = 00:00:00.275 . Memory (MB): peak = 1481.641 ; gain = 0.000
INFO: [Opt 31-662] Phase BUFG optimization created 0 cells of which 0 are BUFGs and removed 0 cells.

Phase 5 Shift Register Optimization
INFO: [Opt 31-1064] SRL Remap converted 0 SRLs to 0 registers and converted 0 registers of register chains to 0 SRLs
Phase 5 Shift Register Optimization | Checksum: 87c7733d

Time (s): cpu = 00:00:00 ; elapsed = 00:00:00.316 . Memory (MB): peak = 1481.641 ; gain = 0.000
INFO: [Opt 31-389] Phase Shift Register Optimization created 0 cells and removed 0 cells

Phase 6 Post Processing Netlist
Phase 6 Post Processing Netlist | Checksum: 87c7733d

Time (s): cpu = 00:00:00 ; elapsed = 00:00:00.331 . Memory (MB): peak = 1481.641 ; gain = 0.000
INFO: [Opt 31-389] Phase Post Processing Netlist created 0 cells and removed 0 cells
Opt_design Change Summary
=========================


-------------------------------------------------------------------------------------------------------------------------
|  Phase                        |  #Cells created  |  #Cells Removed  |  #Constrained objects preventing optimizations  |
-------------------------------------------------------------------------------------------------------------------------
|  Retarget                     |               0  |               0  |                                              0  |
|  Constant propagation         |               0  |               0  |                                              0  |
|  Sweep                        |               0  |               0  |                                              0  |
|  BUFG optimization            |               0  |               0  |                                              0  |
|  Shift Register Optimization  |               0  |               0  |                                              0  |
|  Post Processing Netlist      |               0  |               0  |                                              0  |
-------------------------------------------------------------------------------------------------------------------------



Starting Connectivity Check Task

Time (s): cpu = 00:00:00 ; elapsed = 00:00:00.006 . Memory (MB): peak = 1481.641 ; gain = 0.000
Ending Logic Optimization Task | Checksum: 87c7733d

Time (s): cpu = 00:00:00 ; elapsed = 00:00:00.342 . Memory (MB): peak = 1481.641 ; gain = 0.000

Starting Power Optimization Task
INFO: [Pwropt 34-132] Skipping clock gating for clocks with a period < 2.00 ns.
Ending Power Optimization Task | Checksum: 87c7733d

Time (s): cpu = 00:00:00 ; elapsed = 00:00:00.022 . Memory (MB): peak = 1481.641 ; gain = 0.000

Starting Final Cleanup Task
Ending Final Cleanup Task | Checksum: 87c7733d

Time (s): cpu = 00:00:00 ; elapsed = 00:00:00 . Memory (MB): peak = 1481.641 ; gain = 0.000

Starting Netlist Obfuscation Task
Netlist sorting complete. Time (s): cpu = 00:00:00 ; elapsed = 00:00:00 . Memory (MB): peak = 1481.641 ; gain = 0.000
Ending Netlist Obfuscation Task | Checksum: 87c7733d

Time (s): cpu = 00:00:00 ; elapsed = 00:00:00.002 . Memory (MB): peak = 1481.641 ; gain = 0.000
INFO: [Common 17-83] Releasing license: Implementation
28 Infos, 0 Warnings, 0 Critical Warnings and 0 Errors encountered.
opt_design completed successfully
Netlist sorting complete. Time (s): cpu = 00:00:00 ; elapsed = 00:00:00.001 . Memory (MB): peak = 1481.641 ; gain = 0.000
INFO: [Timing 38-480] Writing timing data to binary archive.
Writing placer database...
Writing XDEF routing.
Writing XDEF routing logical nets.
Writing XDEF routing special nets.
Write XDEF Complete: Time (s): cpu = 00:00:01 ; elapsed = 00:00:00.075 . Memory (MB): peak = 1481.641 ; gain = 0.000
INFO: [Common 17-1381] The checkpoint 'C:/Users/owend/Downloads/CPU_Complete/CPU_Complete/CPU_Complete.runs/impl_1/Top_opt.dcp' has been generated.
INFO: [runtcl-4] Executing : report_drc -file Top_drc_opted.rpt -pb Top_drc_opted.pb -rpx Top_drc_opted.rpx
Command: report_drc -file Top_drc_opted.rpt -pb Top_drc_opted.pb -rpx Top_drc_opted.rpx
INFO: [IP_Flow 19-234] Refreshing IP repositories
INFO: [IP_Flow 19-1704] No user IP repositories specified
INFO: [IP_Flow 19-2313] Loaded Vivado IP repository 'C:/Xilinx/Vivado/2019.1/data/ip'.
INFO: [DRC 23-27] Running DRC with 2 threads
INFO: [Coretcl 2-168] The results of DRC are in file C:/Users/owend/Downloads/CPU_Complete/CPU_Complete/CPU_Complete.runs/impl_1/Top_drc_opted.rpt.
report_drc completed successfully
Command: place_design
Attempting to get a license for feature 'Implementation' and/or device 'xc7a100t'
INFO: [Common 17-349] Got license for feature 'Implementation' and/or device 'xc7a100t'
INFO: [DRC 23-27] Running DRC with 2 threads
INFO: [Vivado_Tcl 4-198] DRC finished with 0 Errors
INFO: [Vivado_Tcl 4-199] Please refer to the DRC report (report_drc) for more information.
Running DRC as a precondition to command place_design
INFO: [DRC 23-27] Running DRC with 2 threads
INFO: [Vivado_Tcl 4-198] DRC finished with 0 Errors
INFO: [Vivado_Tcl 4-199] Please refer to the DRC report (report_drc) for more information.

Starting Placer Task
INFO: [Place 30-611] Multithreading enabled for place_design using a maximum of 2 CPUs

Phase 1 Placer Initialization

Phase 1.1 Placer Initialization Netlist Sorting
Netlist sorting complete. Time (s): cpu = 00:00:00 ; elapsed = 00:00:00.001 . Memory (MB): peak = 1481.641 ; gain = 0.000
Phase 1.1 Placer Initialization Netlist Sorting | Checksum: 6973f604

Time (s): cpu = 00:00:00 ; elapsed = 00:00:00.016 . Memory (MB): peak = 1481.641 ; gain = 0.000
Netlist sorting complete. Time (s): cpu = 00:00:00 ; elapsed = 00:00:00.001 . Memory (MB): peak = 1481.641 ; gain = 0.000

Phase 1.2 IO Placement/ Clock Placement/ Build Placer Device
INFO: [Timing 38-35] Done setting XDC timing constraints.
Phase 1.2 IO Placement/ Clock Placement/ Build Placer Device | Checksum: e60a0d1e

Time (s): cpu = 00:00:03 ; elapsed = 00:00:02 . Memory (MB): peak = 1481.641 ; gain = 0.000

Phase 1.3 Build Placer Netlist Model
Phase 1.3 Build Placer Netlist Model | Checksum: 139fa4cce

Time (s): cpu = 00:00:04 ; elapsed = 00:00:03 . Memory (MB): peak = 1481.641 ; gain = 0.000

Phase 1.4 Constrain Clocks/Macros
Phase 1.4 Constrain Clocks/Macros | Checksum: 139fa4cce

Time (s): cpu = 00:00:04 ; elapsed = 00:00:03 . Memory (MB): peak = 1481.641 ; gain = 0.000
Phase 1 Placer Initialization | Checksum: 139fa4cce

Time (s): cpu = 00:00:04 ; elapsed = 00:00:03 . Memory (MB): peak = 1481.641 ; gain = 0.000

Phase 2 Global Placement

Phase 2.1 Floorplanning
Phase 2.1 Floorplanning | Checksum: 15858f16d

Time (s): cpu = 00:00:04 ; elapsed = 00:00:03 . Memory (MB): peak = 1481.641 ; gain = 0.000

Phase 2.2 Global Placement Core

Phase 2.2.1 Physical Synthesis In Placer
INFO: [Physopt 32-65] No nets found for high-fanout optimization.
INFO: [Physopt 32-232] Optimized 0 net. Created 0 new instance.
INFO: [Physopt 32-775] End 1 Pass. Optimized 0 net or cell. Created 0 new cell, deleted 0 existing cell and moved 0 existing cell
INFO: [Physopt 32-670] No setup violation found.  DSP Register Optimization was not performed.
INFO: [Physopt 32-670] No setup violation found.  Shift Register Optimization was not performed.
INFO: [Physopt 32-670] No setup violation found.  BRAM Register Optimization was not performed.
INFO: [Physopt 32-949] No candidate nets found for HD net replication
INFO: [Physopt 32-775] End 1 Pass. Optimized 0 net or cell. Created 0 new cell, deleted 0 existing cell and moved 0 existing cell
Netlist sorting complete. Time (s): cpu = 00:00:00 ; elapsed = 00:00:00.001 . Memory (MB): peak = 1481.641 ; gain = 0.000

Summary of Physical Synthesis Optimizations
============================================


----------------------------------------------------------------------------------------------------------------------------------------
|  Optimization                  |  Added Cells  |  Removed Cells  |  Optimized Cells/Nets  |  Dont Touch  |  Iterations  |  Elapsed   |
----------------------------------------------------------------------------------------------------------------------------------------
|  Very High Fanout              |            0  |              0  |                     0  |           0  |           1  |  00:00:00  |
|  DSP Register                  |            0  |              0  |                     0  |           0  |           0  |  00:00:00  |
|  Shift Register                |            0  |              0  |                     0  |           0  |           0  |  00:00:00  |
|  BRAM Register                 |            0  |              0  |                     0  |           0  |           0  |  00:00:00  |
|  HD Interface Net Replication  |            0  |              0  |                     0  |           0  |           1  |  00:00:00  |
|  Total                         |            0  |              0  |                     0  |           0  |           2  |  00:00:00  |
----------------------------------------------------------------------------------------------------------------------------------------


Phase 2.2.1 Physical Synthesis In Placer | Checksum: 1001b1311

Time (s): cpu = 00:00:08 ; elapsed = 00:00:05 . Memory (MB): peak = 1481.641 ; gain = 0.000
Phase 2.2 Global Placement Core | Checksum: 1c6110445

Time (s): cpu = 00:00:09 ; elapsed = 00:00:05 . Memory (MB): peak = 1481.641 ; gain = 0.000
Phase 2 Global Placement | Checksum: 1c6110445

Time (s): cpu = 00:00:09 ; elapsed = 00:00:05 . Memory (MB): peak = 1481.641 ; gain = 0.000

Phase 3 Detail Placement

Phase 3.1 Commit Multi Column Macros
Phase 3.1 Commit Multi Column Macros | Checksum: f3f0d21f

Time (s): cpu = 00:00:09 ; elapsed = 00:00:05 . Memory (MB): peak = 1481.641 ; gain = 0.000

Phase 3.2 Commit Most Macros & LUTRAMs
Phase 3.2 Commit Most Macros & LUTRAMs | Checksum: 21ef98848

Time (s): cpu = 00:00:09 ; elapsed = 00:00:05 . Memory (MB): peak = 1481.641 ; gain = 0.000

Phase 3.3 Area Swap Optimization
Phase 3.3 Area Swap Optimization | Checksum: 1da738d2b

Time (s): cpu = 00:00:09 ; elapsed = 00:00:05 . Memory (MB): peak = 1481.641 ; gain = 0.000

Phase 3.4 Pipeline Register Optimization
Phase 3.4 Pipeline Register Optimization | Checksum: 14d5e5c71

Time (s): cpu = 00:00:09 ; elapsed = 00:00:05 . Memory (MB): peak = 1481.641 ; gain = 0.000

Phase 3.5 Small Shape Detail Placement
Phase 3.5 Small Shape Detail Placement | Checksum: 176eec9d7

Time (s): cpu = 00:00:11 ; elapsed = 00:00:07 . Memory (MB): peak = 1481.641 ; gain = 0.000

Phase 3.6 Re-assign LUT pins
Phase 3.6 Re-assign LUT pins | Checksum: 198777fef

Time (s): cpu = 00:00:11 ; elapsed = 00:00:07 . Memory (MB): peak = 1481.641 ; gain = 0.000

Phase 3.7 Pipeline Register Optimization
Phase 3.7 Pipeline Register Optimization | Checksum: 2258271b1

Time (s): cpu = 00:00:11 ; elapsed = 00:00:07 . Memory (MB): peak = 1481.641 ; gain = 0.000
Phase 3 Detail Placement | Checksum: 2258271b1

Time (s): cpu = 00:00:11 ; elapsed = 00:00:07 . Memory (MB): peak = 1481.641 ; gain = 0.000

Phase 4 Post Placement Optimization and Clean-Up

Phase 4.1 Post Commit Optimization
INFO: [Timing 38-35] Done setting XDC timing constraints.

Phase 4.1.1 Post Placement Optimization
Post Placement Optimization Initialization | Checksum: 1680622c2

Phase 4.1.1.1 BUFG Insertion
INFO: [Place 46-56] BUFG insertion identified 0 candidate nets. Inserted BUFG: 0, Replicated BUFG Driver: 0, Skipped due to Placement/Routing Conflicts: 0, Skipped due to Timing Degradation: 0, Skipped due to Illegal Netlist: 0.
Phase 4.1.1.1 BUFG Insertion | Checksum: 1680622c2

Time (s): cpu = 00:00:12 ; elapsed = 00:00:08 . Memory (MB): peak = 1495.293 ; gain = 13.652
INFO: [Place 30-746] Post Placement Timing Summary WNS=8.373. For the most accurate timing information please run report_timing.
Phase 4.1.1 Post Placement Optimization | Checksum: 24188fbae

Time (s): cpu = 00:00:12 ; elapsed = 00:00:08 . Memory (MB): peak = 1495.293 ; gain = 13.652
Phase 4.1 Post Commit Optimization | Checksum: 24188fbae

Time (s): cpu = 00:00:12 ; elapsed = 00:00:08 . Memory (MB): peak = 1495.293 ; gain = 13.652

Phase 4.2 Post Placement Cleanup
Phase 4.2 Post Placement Cleanup | Checksum: 24188fbae

Time (s): cpu = 00:00:12 ; elapsed = 00:00:08 . Memory (MB): peak = 1495.293 ; gain = 13.652

Phase 4.3 Placer Reporting
Phase 4.3 Placer Reporting | Checksum: 24188fbae

Time (s): cpu = 00:00:12 ; elapsed = 00:00:08 . Memory (MB): peak = 1495.293 ; gain = 13.652

Phase 4.4 Final Placement Cleanup
Netlist sorting complete. Time (s): cpu = 00:00:00 ; elapsed = 00:00:00.001 . Memory (MB): peak = 1495.293 ; gain = 0.000
Phase 4.4 Final Placement Cleanup | Checksum: 28f064b26

Time (s): cpu = 00:00:12 ; elapsed = 00:00:08 . Memory (MB): peak = 1495.293 ; gain = 13.652
Phase 4 Post Placement Optimization and Clean-Up | Checksum: 28f064b26

Time (s): cpu = 00:00:12 ; elapsed = 00:00:08 . Memory (MB): peak = 1495.293 ; gain = 13.652
Ending Placer Task | Checksum: 1b08d175a

Time (s): cpu = 00:00:12 ; elapsed = 00:00:08 . Memory (MB): peak = 1495.293 ; gain = 13.652
INFO: [Common 17-83] Releasing license: Implementation
57 Infos, 0 Warnings, 0 Critical Warnings and 0 Errors encountered.
place_design completed successfully
place_design: Time (s): cpu = 00:00:14 ; elapsed = 00:00:08 . Memory (MB): peak = 1495.293 ; gain = 13.652
Netlist sorting complete. Time (s): cpu = 00:00:00 ; elapsed = 00:00:00.001 . Memory (MB): peak = 1495.293 ; gain = 0.000
INFO: [Timing 38-480] Writing timing data to binary archive.
Writing placer database...
Writing XDEF routing.
Writing XDEF routing logical nets.
Writing XDEF routing special nets.
Write XDEF Complete: Time (s): cpu = 00:00:01 ; elapsed = 00:00:00.343 . Memory (MB): peak = 1496.309 ; gain = 1.016
INFO: [Common 17-1381] The checkpoint 'C:/Users/owend/Downloads/CPU_Complete/CPU_Complete/CPU_Complete.runs/impl_1/Top_placed.dcp' has been generated.
INFO: [runtcl-4] Executing : report_io -file Top_io_placed.rpt
report_io: Time (s): cpu = 00:00:00 ; elapsed = 00:00:00.058 . Memory (MB): peak = 1496.309 ; gain = 0.000
INFO: [runtcl-4] Executing : report_utilization -file Top_utilization_placed.rpt -pb Top_utilization_placed.pb
INFO: [runtcl-4] Executing : report_control_sets -verbose -file Top_control_sets_placed.rpt
report_control_sets: Time (s): cpu = 00:00:00 ; elapsed = 00:00:00.043 . Memory (MB): peak = 1496.309 ; gain = 0.000
Command: route_design
Attempting to get a license for feature 'Implementation' and/or device 'xc7a100t'
INFO: [Common 17-349] Got license for feature 'Implementation' and/or device 'xc7a100t'
Running DRC as a precondition to command route_design
INFO: [DRC 23-27] Running DRC with 2 threads
INFO: [Vivado_Tcl 4-198] DRC finished with 0 Errors
INFO: [Vivado_Tcl 4-199] Please refer to the DRC report (report_drc) for more information.


Starting Routing Task
INFO: [Route 35-254] Multithreading enabled for route_design using a maximum of 2 CPUs
Checksum: PlaceDB: b3cf031e ConstDB: 0 ShapeSum: fcbe143c RouteDB: 0

Phase 1 Build RT Design
Phase 1 Build RT Design | Checksum: 87a3435a

Time (s): cpu = 00:00:42 ; elapsed = 00:00:37 . Memory (MB): peak = 1626.102 ; gain = 117.793
Post Restoration Checksum: NetGraph: 13afc7d2 NumContArr: 73f37b88 Constraints: 0 Timing: 0

Phase 2 Router Initialization

Phase 2.1 Create Timer
Phase 2.1 Create Timer | Checksum: 87a3435a

Time (s): cpu = 00:00:42 ; elapsed = 00:00:37 . Memory (MB): peak = 1658.371 ; gain = 150.063

Phase 2.2 Fix Topology Constraints
Phase 2.2 Fix Topology Constraints | Checksum: 87a3435a

Time (s): cpu = 00:00:42 ; elapsed = 00:00:37 . Memory (MB): peak = 1665.117 ; gain = 156.809

Phase 2.3 Pre Route Cleanup
Phase 2.3 Pre Route Cleanup | Checksum: 87a3435a

Time (s): cpu = 00:00:42 ; elapsed = 00:00:37 . Memory (MB): peak = 1665.117 ; gain = 156.809
 Number of Nodes with overlaps = 0

Phase 2.4 Update Timing
Phase 2.4 Update Timing | Checksum: 2b6cfcad5

Time (s): cpu = 00:00:44 ; elapsed = 00:00:38 . Memory (MB): peak = 1677.797 ; gain = 169.488
INFO: [Route 35-416] Intermediate Timing Summary | WNS=8.300  | TNS=0.000  | WHS=-0.047 | THS=-0.147 |

Phase 2 Router Initialization | Checksum: 245399c5a

Time (s): cpu = 00:00:44 ; elapsed = 00:00:38 . Memory (MB): peak = 1677.797 ; gain = 169.488

Router Utilization Summary
  Global Vertical Routing Utilization    = 0.0267224 %
  Global Horizontal Routing Utilization  = 0.014848 %
  Routable Net Status*
  *Does not include unroutable nets such as driverless and loadless.
  Run report_route_status for detailed report.
  Number of Failed Nets               = 2184
    (Failed Nets is the sum of unrouted and partially routed nets)
  Number of Unrouted Nets             = 2143
  Number of Partially Routed Nets     = 41
  Number of Node Overlaps             = 141


Phase 3 Initial Routing
Phase 3 Initial Routing | Checksum: 20e1e0de9

Time (s): cpu = 00:00:45 ; elapsed = 00:00:39 . Memory (MB): peak = 1680.395 ; gain = 172.086

Phase 4 Rip-up And Reroute

Phase 4.1 Global Iteration 0
 Number of Nodes with overlaps = 383
 Number of Nodes with overlaps = 4
 Number of Nodes with overlaps = 1
 Number of Nodes with overlaps = 1
 Number of Nodes with overlaps = 0
INFO: [Route 35-416] Intermediate Timing Summary | WNS=8.313  | TNS=0.000  | WHS=N/A    | THS=N/A    |

Phase 4.1 Global Iteration 0 | Checksum: 9640377d

Time (s): cpu = 00:00:47 ; elapsed = 00:00:41 . Memory (MB): peak = 1683.414 ; gain = 175.105
Phase 4 Rip-up And Reroute | Checksum: 9640377d

Time (s): cpu = 00:00:47 ; elapsed = 00:00:41 . Memory (MB): peak = 1683.414 ; gain = 175.105

Phase 5 Delay and Skew Optimization

Phase 5.1 Delay CleanUp

Phase 5.1.1 Update Timing
Phase 5.1.1 Update Timing | Checksum: 1545fdcc6

Time (s): cpu = 00:00:47 ; elapsed = 00:00:41 . Memory (MB): peak = 1683.414 ; gain = 175.105
INFO: [Route 35-416] Intermediate Timing Summary | WNS=8.152  | TNS=0.000  | WHS=N/A    | THS=N/A    |

Phase 5.1 Delay CleanUp | Checksum: 1545fdcc6

Time (s): cpu = 00:00:47 ; elapsed = 00:00:41 . Memory (MB): peak = 1683.414 ; gain = 175.105

Phase 5.2 Clock Skew Optimization
Phase 5.2 Clock Skew Optimization | Checksum: 1545fdcc6

Time (s): cpu = 00:00:47 ; elapsed = 00:00:41 . Memory (MB): peak = 1683.414 ; gain = 175.105
Phase 5 Delay and Skew Optimization | Checksum: 1545fdcc6

Time (s): cpu = 00:00:47 ; elapsed = 00:00:41 . Memory (MB): peak = 1683.414 ; gain = 175.105

Phase 6 Post Hold Fix

Phase 6.1 Hold Fix Iter

Phase 6.1.1 Update Timing
Phase 6.1.1 Update Timing | Checksum: a01b9149

Time (s): cpu = 00:00:48 ; elapsed = 00:00:41 . Memory (MB): peak = 1683.414 ; gain = 175.105
INFO: [Route 35-416] Intermediate Timing Summary | WNS=8.152  | TNS=0.000  | WHS=0.275  | THS=0.000  |

Phase 6.1 Hold Fix Iter | Checksum: b94a7d2f

Time (s): cpu = 00:00:48 ; elapsed = 00:00:41 . Memory (MB): peak = 1683.414 ; gain = 175.105
Phase 6 Post Hold Fix | Checksum: b94a7d2f

Time (s): cpu = 00:00:48 ; elapsed = 00:00:41 . Memory (MB): peak = 1683.414 ; gain = 175.105

Phase 7 Route finalize

Router Utilization Summary
  Global Vertical Routing Utilization    = 0.421987 %
  Global Horizontal Routing Utilization  = 0.524439 %
  Routable Net Status*
  *Does not include unroutable nets such as driverless and loadless.
  Run report_route_status for detailed report.
  Number of Failed Nets               = 0
    (Failed Nets is the sum of unrouted and partially routed nets)
  Number of Unrouted Nets             = 0
  Number of Partially Routed Nets     = 0
  Number of Node Overlaps             = 0

Phase 7 Route finalize | Checksum: c5274130

Time (s): cpu = 00:00:48 ; elapsed = 00:00:41 . Memory (MB): peak = 1683.414 ; gain = 175.105

Phase 8 Verifying routed nets

 Verification completed successfully
Phase 8 Verifying routed nets | Checksum: c5274130

Time (s): cpu = 00:00:48 ; elapsed = 00:00:41 . Memory (MB): peak = 1683.414 ; gain = 175.105

Phase 9 Depositing Routes
Phase 9 Depositing Routes | Checksum: 1471161b9

Time (s): cpu = 00:00:48 ; elapsed = 00:00:41 . Memory (MB): peak = 1683.414 ; gain = 175.105

Phase 10 Post Router Timing
INFO: [Route 35-57] Estimated Timing Summary | WNS=8.152  | TNS=0.000  | WHS=0.275  | THS=0.000  |

INFO: [Route 35-327] The final timing numbers are based on the router estimated timing analysis. For a complete and accurate timing signoff, please run report_timing_summary.
Phase 10 Post Router Timing | Checksum: 1471161b9

Time (s): cpu = 00:00:48 ; elapsed = 00:00:41 . Memory (MB): peak = 1683.414 ; gain = 175.105
INFO: [Route 35-16] Router Completed Successfully

Time (s): cpu = 00:00:48 ; elapsed = 00:00:41 . Memory (MB): peak = 1683.414 ; gain = 175.105

Routing Is Done.
INFO: [Common 17-83] Releasing license: Implementation
75 Infos, 0 Warnings, 0 Critical Warnings and 0 Errors encountered.
route_design completed successfully
route_design: Time (s): cpu = 00:00:50 ; elapsed = 00:00:42 . Memory (MB): peak = 1683.414 ; gain = 187.105
Netlist sorting complete. Time (s): cpu = 00:00:00 ; elapsed = 00:00:00.001 . Memory (MB): peak = 1683.414 ; gain = 0.000
INFO: [Timing 38-480] Writing timing data to binary archive.
Writing placer database...
Writing XDEF routing.
Writing XDEF routing logical nets.
Writing XDEF routing special nets.
Write XDEF Complete: Time (s): cpu = 00:00:01 ; elapsed = 00:00:00.455 . Memory (MB): peak = 1692.289 ; gain = 8.875
INFO: [Common 17-1381] The checkpoint 'C:/Users/owend/Downloads/CPU_Complete/CPU_Complete/CPU_Complete.runs/impl_1/Top_routed.dcp' has been generated.
INFO: [runtcl-4] Executing : report_drc -file Top_drc_routed.rpt -pb Top_drc_routed.pb -rpx Top_drc_routed.rpx
Command: report_drc -file Top_drc_routed.rpt -pb Top_drc_routed.pb -rpx Top_drc_routed.rpx
INFO: [IP_Flow 19-1839] IP Catalog is up to date.
INFO: [DRC 23-27] Running DRC with 2 threads
INFO: [Coretcl 2-168] The results of DRC are in file C:/Users/owend/Downloads/CPU_Complete/CPU_Complete/CPU_Complete.runs/impl_1/Top_drc_routed.rpt.
report_drc completed successfully
INFO: [runtcl-4] Executing : report_methodology -file Top_methodology_drc_routed.rpt -pb Top_methodology_drc_routed.pb -rpx Top_methodology_drc_routed.rpx
Command: report_methodology -file Top_methodology_drc_routed.rpt -pb Top_methodology_drc_routed.pb -rpx Top_methodology_drc_routed.rpx
INFO: [Timing 38-35] Done setting XDC timing constraints.
INFO: [DRC 23-133] Running Methodology with 2 threads
INFO: [Coretcl 2-1520] The results of Report Methodology are in file C:/Users/owend/Downloads/CPU_Complete/CPU_Complete/CPU_Complete.runs/impl_1/Top_methodology_drc_routed.rpt.
report_methodology completed successfully
INFO: [runtcl-4] Executing : report_power -file Top_power_routed.rpt -pb Top_power_summary_routed.pb -rpx Top_power_routed.rpx
Command: report_power -file Top_power_routed.rpt -pb Top_power_summary_routed.pb -rpx Top_power_routed.rpx
INFO: [Timing 38-35] Done setting XDC timing constraints.
Running Vector-less Activity Propagation...

Finished Running Vector-less Activity Propagation
87 Infos, 0 Warnings, 0 Critical Warnings and 0 Errors encountered.
report_power completed successfully
INFO: [runtcl-4] Executing : report_route_status -file Top_route_status.rpt -pb Top_route_status.pb
INFO: [runtcl-4] Executing : report_timing_summary -max_paths 10 -file Top_timing_summary_routed.rpt -pb Top_timing_summary_routed.pb -rpx Top_timing_summary_routed.rpx -warn_on_violation 
INFO: [Timing 38-91] UpdateTimingParams: Speed grade: -1, Delay Type: min_max.
INFO: [Timing 38-191] Multithreading enabled for timing update using a maximum of 2 CPUs
INFO: [runtcl-4] Executing : report_incremental_reuse -file Top_incremental_reuse_routed.rpt
INFO: [Vivado_Tcl 4-1062] Incremental flow is disabled. No incremental reuse Info to report.
INFO: [runtcl-4] Executing : report_clock_utilization -file Top_clock_utilization_routed.rpt
INFO: [runtcl-4] Executing : report_bus_skew -warn_on_violation -file Top_bus_skew_routed.rpt -pb Top_bus_skew_routed.pb -rpx Top_bus_skew_routed.rpx
INFO: [Timing 38-91] UpdateTimingParams: Speed grade: -1, Delay Type: min_max.
INFO: [Timing 38-191] Multithreading enabled for timing update using a maximum of 2 CPUs
INFO: [Common 17-206] Exiting Vivado at Mon Apr 13 17:26:53 2020...
