Vivado Simulator 2016.3
Copyright 1986-1999, 2001-2016 Xilinx, Inc. All Rights Reserved.
Running: C:/Xilinx/Vivado/2016.3/bin/unwrapped/win64.o/xelab.exe -wto 6347cfd99f4d4913ab7080c88a186037 --debug typical --relax --mt 2 -L xil_defaultlib -L secureip --snapshot Top_tb_behav xil_defaultlib.Top_tb -log elaborate.log 
Using 2 slave threads.
Starting static elaboration
Completed static elaboration
Starting simulation data flow analysis
Completed simulation data flow analysis
Time Resolution for simulation is 1ps
Compiling package std.standard
Compiling package std.textio
Compiling package ieee.std_logic_1164
Compiling package ieee.std_logic_arith
Compiling package ieee.std_logic_unsigned
Compiling package ieee.numeric_std
Compiling architecture behavioral of entity xil_defaultlib.ins_module [ins_module_default]
Compiling architecture behavioral of entity xil_defaultlib.ins_register [ins_register_default]
Compiling architecture behavioral of entity xil_defaultlib.decoder [decoder_default]
Compiling architecture behavioral of entity xil_defaultlib.incrementer [incrementer_default]
Compiling architecture behavioral of entity xil_defaultlib.MUX [mux_default]
Compiling architecture behavioral of entity xil_defaultlib.microPC [micropc_default]
Compiling architecture behavioral of entity xil_defaultlib.micro_store [micro_store_default]
Compiling architecture behavioral of entity xil_defaultlib.microCU_top [microcu_top_default]
Compiling architecture behavioural of entity xil_defaultlib.lab2mem [lab2mem_default]
Compiling architecture behavioral of entity xil_defaultlib.ALU [alu_default]
Compiling architecture behavioral of entity xil_defaultlib.DSP_REG [dsp_reg_default]
Compiling architecture behavioral of entity xil_defaultlib.micro_proc [micro_proc_default]
Compiling architecture behavioral of entity xil_defaultlib.LUT [lut_default]
Compiling architecture behavioral of entity xil_defaultlib.ClkDiv [clkdiv_default]
Compiling architecture structural of entity xil_defaultlib.sev_seg [sev_seg_default]
Compiling architecture behavioral of entity xil_defaultlib.Top [top_default]
Compiling architecture behavioral of entity xil_defaultlib.top_tb
Built simulation snapshot Top_tb_behav
